{"type":"server-started","port":50364,"host":"127.0.0.1","url_host":"localhost","url":"http://localhost:50364","screen_dir":"/home/yass_gr/projects/quickCut/.superpowers/brainstorm/63834-1781314750/content","state_dir":"/home/yass_gr/projects/quickCut/.superpowers/brainstorm/63834-1781314750/state"}
{"type":"screen-added","file":"/home/yass_gr/projects/quickCut/.superpowers/brainstorm/63834-1781314750/content/motion-graphics.html"}
{"source":"user-event","type":"click","text":"+\n    \n      I want even more — show me what's possible\n      Push further: 3D camera moves, particle systems, shape morphing, dynamic backgrounds.","choice":"more","id":null,"timestamp":1781315480296}
{"source":"user-event","type":"click","text":"+\n    \n      I want even more — show me what's possible\n      Push further: 3D camera moves, particle systems, shape morphing, dynamic backgrounds.","choice":"more","id":null,"timestamp":1781315482424}
{"type":"screen-added","file":"/home/yass_gr/projects/quickCut/.superpowers/brainstorm/63834-1781314750/content/motion-graphics-v2.html"}
{"source":"user-event","type":"click","text":"A\n    \n      Go all-in — 3D + particles + morphs + dynamic backgrounds\n      Full Google/Apple launch video treatment. Most impressive but most complex to build.","choice":"all","id":null,"timestamp":1781315589901}
{"type":"screen-added","file":"/home/yass_gr/projects/quickCut/.superpowers/brainstorm/63834-1781314750/content/waiting.html"}
{"type":"screen-added","file":"/home/yass_gr/projects/quickCut/.superpowers/brainstorm/63834-1781314750/content/design.html"}
{"type":"screen-added","file":"/home/yass_gr/projects/quickCut/.superpowers/brainstorm/63834-1781314750/content/design-v2.html"}
{"source":"user-event","type":"click","text":"C\n      \n        Bespoke: JetBrains Mono for stats + display font for hooks\n        Hooks in a sporty condensed display font (e.g., Bebas Neue, Anton, or Oswald). Maximum energy. Data in JetBrains Mono for credibility. Best for engagement but most font files.","choice":"display","id":null,"timestamp":1781316136281}
{"source":"user-event","type":"click","text":"B\n      \n        JetBrains Mono for data + Inter for hooks\n        Hooks in Inter Bold (clean, readable, modern sans-serif). Stats/predictions/labels in JetBrains Mono. Gives hooks more visual punch while keeping data feeling analytical.","choice":"split","id":null,"timestamp":1781316194603}
{"source":"user-event","type":"click","text":"✓\n    \n      Approach B — Dark Premium (Recommended)\n      White hooks + green accents + JetBrains Mono data. Best engagement-to-brand balance.","choice":"b-recommended","id":null,"timestamp":1781316217668}
{"type":"screen-added","file":"/home/yass_gr/projects/quickCut/.superpowers/brainstorm/63834-1781314750/content/scene-mockups.html"}
{"type":"screen-added","file":"/home/yass_gr/projects/quickCut/.superpowers/brainstorm/63834-1781314750/content/tiktok-redesign.html"}
{"type":"screen-added","file":"/home/yass_gr/projects/quickCut/.superpowers/brainstorm/63834-1781314750/content/waiting-final.html"}
{"type":"screen-added","file":"/home/yass_gr/projects/quickCut/.superpowers/brainstorm/63834-1781314750/content/flick-mockups.html"}
{"type":"screen-added","file":"/home/yass_gr/projects/quickCut/.superpowers/brainstorm/63834-1781314750/content/new-flow.html"}
{"type":"screen-added","file":"/home/yass_gr/projects/quickCut/.superpowers/brainstorm/63834-1781314750/content/exact-layout.html"}
{"type":"screen-added","file":"/home/yass_gr/projects/quickCut/.superpowers/brainstorm/63834-1781314750/content/with-image.html"}
{"type":"screen-updated","file":"/home/yass_gr/projects/quickCut/.superpowers/brainstorm/63834-1781314750/content/with-image.html"}
{"type":"screen-updated","file":"/home/yass_gr/projects/quickCut/.superpowers/brainstorm/63834-1781314750/content/with-image.html"}
{"type":"screen-updated","file":"/home/yass_gr/projects/quickCut/.superpowers/brainstorm/63834-1781314750/content/with-image.html"}
{"type":"screen-updated","file":"/home/yass_gr/projects/quickCut/.superpowers/brainstorm/63834-1781314750/content/with-image.html"}
{"type":"screen-updated","file":"/home/yass_gr/projects/quickCut/.superpowers/brainstorm/63834-1781314750/content/with-image.html"}
{"type":"screen-updated","file":"/home/yass_gr/projects/quickCut/.superpowers/brainstorm/63834-1781314750/content/with-image.html"}
{"type":"screen-updated","file":"/home/yass_gr/projects/quickCut/.superpowers/brainstorm/63834-1781314750/content/with-image.html"}
{"type":"screen-updated","file":"/home/yass_gr/projects/quickCut/.superpowers/brainstorm/63834-1781314750/content/with-image.html"}
{"type":"screen-updated","file":"/home/yass_gr/projects/quickCut/.superpowers/brainstorm/63834-1781314750/content/with-image.html"}
{"type":"screen-updated","file":"/home/yass_gr/projects/quickCut/.superpowers/brainstorm/63834-1781314750/content/with-image.html"}
{"type":"screen-updated","file":"/home/yass_gr/projects/quickCut/.superpowers/brainstorm/63834-1781314750/content/with-image.html"}
{"type":"screen-updated","file":"/home/yass_gr/projects/quickCut/.superpowers/brainstorm/63834-1781314750/content/with-image.html"}
{"type":"screen-updated","file":"/home/yass_gr/projects/quickCut/.superpowers/brainstorm/63834-1781314750/content/with-image.html"}
{"type":"screen-updated","file":"/home/yass_gr/projects/quickCut/.superpowers/brainstorm/63834-1781314750/content/with-image.html"}
{"type":"screen-updated","file":"/home/yass_gr/projects/quickCut/.superpowers/brainstorm/63834-1781314750/content/with-image.html"}
{"type":"screen-updated","file":"/home/yass_gr/projects/quickCut/.superpowers/brainstorm/63834-1781314750/content/with-image.html"}
{"type":"screen-updated","file":"/home/yass_gr/projects/quickCut/.superpowers/brainstorm/63834-1781314750/content/with-image.html"}
{"type":"screen-added","file":"/home/yass_gr/projects/quickCut/.superpowers/brainstorm/63834-1781314750/content/full-flow.html"}
{"type":"screen-updated","file":"/home/yass_gr/projects/quickCut/.superpowers/brainstorm/63834-1781314750/content/full-flow.html"}
{"type":"server-stopped","reason":"owner process exited"}
